<?xml version="1.0" encoding="UTF-8"?>
<!-- Generated by org.testng.reporters.JUnitReportReporter -->
<testsuite skipped="0" hostname="DESKTOP-8BQGU13" name="appiumTests.Test1" tests="1" failures="0" timestamp="2020-09-21T12:19:06 IST" time="0.002" errors="0">
  <testcase name="f" time="0.002" classname="appiumTests.Test1"/>
</testsuite> <!-- appiumTests.Test1 -->
